<?xml version="1.0" encoding="UTF-8"?>
<!-- Generated by org.testng.reporters.JUnitReportReporter -->
<testsuite hostname="LIN49004698" failures="0" tests="3" name="api.test.DataDrivenTest" time="6.427" errors="0" timestamp="2024-04-12T12:31:43 IST" skipped="0">
  <testcase classname="api.test.DataDrivenTest" name="testPostUser" time="2.890"/>
  <testcase classname="api.test.DataDrivenTest" name="testPostUser" time="1.677"/>
  <testcase classname="api.test.DataDrivenTest" name="testPostUser" time="1.860"/>
</testsuite> <!-- api.test.DataDrivenTest -->
