<?xml version="1.0" encoding="UTF-8"?>
<!-- Generated by org.testng.reporters.JUnitReportReporter -->
<testsuite hostname="LIN49004698" failures="0" tests="4" name="api.test.UserTests" time="6.052" errors="0" timestamp="2024-04-12T13:42:58 IST" skipped="0">
  <testcase classname="api.test.UserTests" name="testPostUser" time="1.161"/>
  <testcase classname="api.test.UserTests" name="testGetUser" time="1.293"/>
  <testcase classname="api.test.UserTests" name="testUpdateUserByName" time="2.390"/>
  <testcase classname="api.test.UserTests" name="testDeleteUser" time="1.208"/>
</testsuite> <!-- api.test.UserTests -->
