<?xml version="1.0" encoding="UTF-8"?>
<!-- Generated by org.testng.reporters.JUnitReportReporter -->
<testsuite hostname="LIN49004698" failures="0" tests="3" name="api.test.DataDrivenTest" time="5.359" errors="0" timestamp="2024-04-12T13:42:58 IST" skipped="0">
  <testcase classname="api.test.DataDrivenTest" name="testPostUser" time="1.220"/>
  <testcase classname="api.test.DataDrivenTest" name="testPostUser" time="1.242"/>
  <testcase classname="api.test.DataDrivenTest" name="testPostUser" time="2.897"/>
</testsuite> <!-- api.test.DataDrivenTest -->
